<?xml version="1.0" encoding="UTF-8"?>
<testng-results ignored="0" total="1" passed="1" failed="0" skipped="0">
  <reporter-output>
  </reporter-output>
  <suite started-at="2024-12-08T00:13:53 ICT" name="Surefire suite" finished-at="2024-12-08T00:13:53 ICT" duration-ms="74">
    <groups>
    </groups>
    <test started-at="2024-12-08T00:13:53 ICT" name="Surefire test" finished-at="2024-12-08T00:13:53 ICT" duration-ms="74">
      <class name="org.example.AppTest">
        <test-method signature="testApp()[pri:0, instance:org.example.AppTest@222114ba]" started-at="2024-12-08T00:13:53 ICT" name="testApp" finished-at="2024-12-08T00:13:53 ICT" duration-ms="15" status="PASS">
          <reporter-output>
          </reporter-output>
        </test-method> <!-- testApp -->
      </class> <!-- org.example.AppTest -->
    </test> <!-- Surefire test -->
  </suite> <!-- Surefire suite -->
</testng-results>
